<?xml version="1.0" encoding="UTF-8"?>
<!-- Generated by org.testng.reporters.JUnitReportReporter -->
<testsuite hostname="DESKTOP-G8PVACE" failures="0" tests="9" name="runner.TestRunner" time="296.589" errors="0" timestamp="19 Nov 2021 05:06:54 GMT">
  <testcase classname="runner.TestRunner" name="runScenario" time="29.114"/>
  <testcase classname="runner.TestRunner" name="runScenario" time="19.099"/>
  <testcase classname="runner.TestRunner" name="runScenario" time="30.241"/>
  <testcase classname="runner.TestRunner" name="runScenario" time="35.135"/>
  <testcase classname="runner.TestRunner" name="runScenario" time="50.685"/>
  <testcase classname="runner.TestRunner" name="runScenario" time="24.887"/>
  <testcase classname="runner.TestRunner" name="runScenario" time="51.813"/>
  <testcase classname="runner.TestRunner" name="runScenario" time="29.000"/>
  <testcase classname="runner.TestRunner" name="runScenario" time="26.615"/>
</testsuite> <!-- runner.TestRunner -->
