<?xml version="1.0" encoding="UTF-8"?>
<!-- Generated by org.testng.reporters.JUnitReportReporter -->
<testsuite hostname="DESKTOP-G8PVACE" failures="0" tests="9" name="runner.TestRunner" time="240.653" errors="0" timestamp="2021-11-22T11:55:27 IST" skipped="0">
  <testcase classname="runner.TestRunner" name="runScenario" time="27.139"/>
  <system-out/>
  <testcase classname="runner.TestRunner" name="runScenario" time="34.257"/>
  <system-out/>
  <testcase classname="runner.TestRunner" name="runScenario" time="19.534"/>
  <system-out/>
  <testcase classname="runner.TestRunner" name="runScenario" time="17.696"/>
  <system-out/>
  <testcase classname="runner.TestRunner" name="runScenario" time="23.152"/>
  <system-out/>
  <testcase classname="runner.TestRunner" name="runScenario" time="22.055"/>
  <system-out/>
  <testcase classname="runner.TestRunner" name="runScenario" time="42.042"/>
  <system-out/>
  <testcase classname="runner.TestRunner" name="runScenario" time="22.222"/>
  <system-out/>
  <testcase classname="runner.TestRunner" name="runScenario" time="32.556"/>
  <system-out/>
</testsuite> <!-- runner.TestRunner -->
