<?xml version="1.0" encoding="UTF-8"?>
<!-- Generated by org.testng.reporters.JUnitReportReporter -->
<testsuite hostname="DESKTOP-G8PVACE" failures="0" tests="9" name="runner.TestRunner" time="251.067" errors="0" timestamp="2021-11-19T10:30:23 IST" skipped="0">
  <testcase classname="runner.TestRunner" name="runScenario" time="21.448"/>
  <system-out/>
  <testcase classname="runner.TestRunner" name="runScenario" time="34.306"/>
  <system-out/>
  <testcase classname="runner.TestRunner" name="runScenario" time="22.497"/>
  <system-out/>
  <testcase classname="runner.TestRunner" name="runScenario" time="25.447"/>
  <system-out/>
  <testcase classname="runner.TestRunner" name="runScenario" time="41.477"/>
  <system-out/>
  <testcase classname="runner.TestRunner" name="runScenario" time="27.097"/>
  <system-out/>
  <testcase classname="runner.TestRunner" name="runScenario" time="25.017"/>
  <system-out/>
  <testcase classname="runner.TestRunner" name="runScenario" time="21.609"/>
  <system-out/>
  <testcase classname="runner.TestRunner" name="runScenario" time="32.169"/>
  <system-out/>
</testsuite> <!-- runner.TestRunner -->
