<?xml version="1.0" encoding="UTF-8"?>
<!-- Generated by org.testng.reporters.JUnitReportReporter -->
<testsuite hostname="DESKTOP-G8PVACE" failures="0" tests="1" name="pageobject.WindowsSwitching" time="0.000" errors="0" timestamp="2021-11-17T22:06:27 IST" skipped="1">
  <testcase classname="pageobject.WindowsSwitching" name="windowtest" time="0.000">
    <skipped/>
  </testcase> <!-- windowtest -->
  <system-out/>
</testsuite> <!-- pageobject.WindowsSwitching -->
