<?xml version="1.0" encoding="UTF-8"?>
<!-- Generated by org.testng.reporters.JUnitReportReporter -->
<testsuite hostname="DESKTOP-G8PVACE" failures="0" tests="9" name="runner.TestRunner" time="288.640" errors="0" timestamp="2021-11-22T11:43:38 IST" skipped="0">
  <testcase classname="runner.TestRunner" name="runScenario" time="20.160"/>
  <system-out/>
  <testcase classname="runner.TestRunner" name="runScenario" time="33.808"/>
  <system-out/>
  <testcase classname="runner.TestRunner" name="runScenario" time="29.894"/>
  <system-out/>
  <testcase classname="runner.TestRunner" name="runScenario" time="26.300"/>
  <system-out/>
  <testcase classname="runner.TestRunner" name="runScenario" time="26.423"/>
  <system-out/>
  <testcase classname="runner.TestRunner" name="runScenario" time="52.127"/>
  <system-out/>
  <testcase classname="runner.TestRunner" name="runScenario" time="38.406"/>
  <system-out/>
  <testcase classname="runner.TestRunner" name="runScenario" time="32.261"/>
  <system-out/>
  <testcase classname="runner.TestRunner" name="runScenario" time="29.261"/>
  <system-out/>
</testsuite> <!-- runner.TestRunner -->
